# JRE version: OpenJDK Runtime Environment (8.0_232-b09) (build 1.8.0_232-b09)
# Java VM: OpenJDK 64-Bit Server VM (25.232-b09 mixed mode bsd-amd64 compressed oops)
Heap:
 PSYoungGen      total 344064K, used 51206K [0x000000076ab00000, 0x0000000782480000, 0x00000007c0000000)
  eden space 337920K, 15% used [0x000000076ab00000,0x000000076dd01b88,0x000000077f500000)
  from space 6144K, 0% used [0x0000000781e80000,0x0000000781e80000,0x0000000782480000)
  to   space 17920K, 0% used [0x0000000780180000,0x0000000780180000,0x0000000781300000)
 ParOldGen       total 218112K, used 22634K [0x00000006c0000000, 0x00000006cd500000, 0x000000076ab00000)
  object space 218112K, 10% used [0x00000006c0000000,0x00000006c161abc0,0x00000006cd500000)
 Metaspace       used 66414K, capacity 69936K, committed 70016K, reserved 1110016K
  class space    used 8941K, capacity 9550K, committed 9600K, reserved 1048576K
GC Heap History (10 events):
Event: 5.793 GC heap before
{Heap before GC invocations=12 (full 3):
 PSYoungGen      total 313344K, used 14712K [0x000000076ab00000, 0x0000000783f80000, 0x00000007c0000000)
  eden space 297472K, 0% used [0x000000076ab00000,0x000000076ab00000,0x000000077cd80000)
  from space 15872K, 92% used [0x000000077cd80000,0x000000077dbde160,0x000000077dd00000)
  to   space 17408K, 0% used [0x0000000782e80000,0x0000000782e80000,0x0000000783f80000)
 ParOldGen       total 151552K, used 16395K [0x00000006c0000000, 0x00000006c9400000, 0x000000076ab00000)
  object space 151552K, 10% used [0x00000006c0000000,0x00000006c1002f68,0x00000006c9400000)
 Metaspace       used 56479K, capacity 59014K, committed 59028K, reserved 1099776K
  class space    used 7558K, capacity 8051K, committed 8064K, reserved 1048576K
Event: 5.930 GC heap after
Heap after GC invocations=12 (full 3):
 PSYoungGen      total 313344K, used 0K [0x000000076ab00000, 0x0000000783f80000, 0x00000007c0000000)
  eden space 297472K, 0% used [0x000000076ab00000,0x000000076ab00000,0x000000077cd80000)
  from space 15872K, 0% used [0x000000077cd80000,0x000000077cd80000,0x000000077dd00000)
  to   space 17408K, 0% used [0x0000000782e80000,0x0000000782e80000,0x0000000783f80000)
 ParOldGen       total 218112K, used 25573K [0x00000006c0000000, 0x00000006cd500000, 0x000000076ab00000)
  object space 218112K, 11% used [0x00000006c0000000,0x00000006c18f9480,0x00000006cd500000)
 Metaspace       used 56479K, capacity 59014K, committed 59028K, reserved 1099776K
  class space    used 7558K, capacity 8051K, committed 8064K, reserved 1048576K
}
Event: 361.216 GC heap before
{Heap before GC invocations=13 (full 3):
 PSYoungGen      total 313344K, used 297472K [0x000000076ab00000, 0x0000000783f80000, 0x00000007c0000000)
  eden space 297472K, 100% used [0x000000076ab00000,0x000000077cd80000,0x000000077cd80000)
  from space 15872K, 0% used [0x000000077cd80000,0x000000077cd80000,0x000000077dd00000)
  to   space 17408K, 0% used [0x0000000782e80000,0x0000000782e80000,0x0000000783f80000)
 ParOldGen       total 218112K, used 25573K [0x00000006c0000000, 0x00000006cd500000, 0x000000076ab00000)
  object space 218112K, 11% used [0x00000006c0000000,0x00000006c18f9480,0x00000006cd500000)
 Metaspace       used 66246K, capacity 69678K, committed 70016K, reserved 1110016K
  class space    used 8921K, capacity 9497K, committed 9600K, reserved 1048576K
Event: 361.247 GC heap after
Heap after GC invocations=13 (full 3):
 PSYoungGen      total 363008K, used 13692K [0x000000076ab00000, 0x0000000783c00000, 0x00000007c0000000)
  eden space 349184K, 0% used [0x000000076ab00000,0x000000076ab00000,0x0000000780000000)
  from space 13824K, 99% used [0x0000000782e80000,0x0000000783bdf198,0x0000000783c00000)
  to   space 18432K, 0% used [0x0000000781800000,0x0000000781800000,0x0000000782a00000)
 ParOldGen       total 218112K, used 25581K [0x00000006c0000000, 0x00000006cd500000, 0x000000076ab00000)
  object space 218112K, 11% used [0x00000006c0000000,0x00000006c18fb480,0x00000006cd500000)
 Metaspace       used 66246K, capacity 69678K, committed 70016K, reserved 1110016K
  class space    used 8921K, capacity 9497K, committed 9600K, reserved 1048576K
}
Event: 1384.329 GC heap before
{Heap before GC invocations=14 (full 3):
 PSYoungGen      total 363008K, used 362876K [0x000000076ab00000, 0x0000000783c00000, 0x00000007c0000000)
  eden space 349184K, 100% used [0x000000076ab00000,0x0000000780000000,0x0000000780000000)
  from space 13824K, 99% used [0x0000000782e80000,0x0000000783bdf198,0x0000000783c00000)
  to   space 18432K, 0% used [0x0000000781800000,0x0000000781800000,0x0000000782a00000)
 ParOldGen       total 218112K, used 25581K [0x00000006c0000000, 0x00000006cd500000, 0x000000076ab00000)
  object space 218112K, 11% used [0x00000006c0000000,0x00000006c18fb480,0x00000006cd500000)
 Metaspace       used 66269K, capacity 69678K, committed 70016K, reserved 1110016K
  class space    used 8921K, capacity 9497K, committed 9600K, reserved 1048576K
Event: 1384.334 GC heap after
Heap after GC invocations=14 (full 3):
 PSYoungGen      total 344576K, used 6182K [0x000000076ab00000, 0x0000000782f00000, 0x00000007c0000000)
  eden space 337920K, 0% used [0x000000076ab00000,0x000000076ab00000,0x000000077f500000)
  from space 6656K, 92% used [0x0000000781800000,0x0000000781e09828,0x0000000781e80000)
  to   space 16896K, 0% used [0x0000000781e80000,0x0000000781e80000,0x0000000782f00000)
 ParOldGen       total 218112K, used 25589K [0x00000006c0000000, 0x00000006cd500000, 0x000000076ab00000)
  object space 218112K, 11% used [0x00000006c0000000,0x00000006c18fd480,0x00000006cd500000)
 Metaspace       used 66269K, capacity 69678K, committed 70016K, reserved 1110016K
  class space    used 8921K, capacity 9497K, committed 9600K, reserved 1048576K
}
Event: 1546.924 GC heap before
{Heap before GC invocations=15 (full 3):
 PSYoungGen      total 344576K, used 89717K [0x000000076ab00000, 0x0000000782f00000, 0x00000007c0000000)
  eden space 337920K, 24% used [0x000000076ab00000,0x000000076fc93e18,0x000000077f500000)
  from space 6656K, 92% used [0x0000000781800000,0x0000000781e09828,0x0000000781e80000)
  to   space 16896K, 0% used [0x0000000781e80000,0x0000000781e80000,0x0000000782f00000)
 ParOldGen       total 218112K, used 25589K [0x00000006c0000000, 0x00000006cd500000, 0x000000076ab00000)
  object space 218112K, 11% used [0x00000006c0000000,0x00000006c18fd480,0x00000006cd500000)
 Metaspace       used 66361K, capacity 69846K, committed 70016K, reserved 1110016K
  class space    used 8938K, capacity 9546K, committed 9600K, reserved 1048576K
Event: 1546.933 GC heap after
Heap after GC invocations=15 (full 3):
 PSYoungGen      total 344064K, used 5808K [0x000000076ab00000, 0x0000000782480000, 0x00000007c0000000)
  eden space 337920K, 0% used [0x000000076ab00000,0x000000076ab00000,0x000000077f500000)
  from space 6144K, 94% used [0x0000000781e80000,0x000000078242c020,0x0000000782480000)
  to   space 17920K, 0% used [0x0000000780180000,0x0000000780180000,0x0000000781300000)
 ParOldGen       total 218112K, used 25597K [0x00000006c0000000, 0x00000006cd500000, 0x000000076ab00000)
  object space 218112K, 11% used [0x00000006c0000000,0x00000006c18ff480,0x00000006cd500000)
 Metaspace       used 66361K, capacity 69846K, committed 70016K, reserved 1110016K
  class space    used 8938K, capacity 9546K, committed 9600K, reserved 1048576K
}
Event: 1546.933 GC heap before
{Heap before GC invocations=16 (full 4):
 PSYoungGen      total 344064K, used 5808K [0x000000076ab00000, 0x0000000782480000, 0x00000007c0000000)
  eden space 337920K, 0% used [0x000000076ab00000,0x000000076ab00000,0x000000077f500000)
  from space 6144K, 94% used [0x0000000781e80000,0x000000078242c020,0x0000000782480000)
  to   space 17920K, 0% used [0x0000000780180000,0x0000000780180000,0x0000000781300000)
 ParOldGen       total 218112K, used 25597K [0x00000006c0000000, 0x00000006cd500000, 0x000000076ab00000)
  object space 218112K, 11% used [0x00000006c0000000,0x00000006c18ff480,0x00000006cd500000)
 Metaspace       used 66361K, capacity 69846K, committed 70016K, reserved 1110016K
  class space    used 8938K, capacity 9546K, committed 9600K, reserved 1048576K
Event: 1547.169 GC heap after
Heap after GC invocations=16 (full 4):
 PSYoungGen      total 344064K, used 0K [0x000000076ab00000, 0x0000000782480000, 0x00000007c0000000)
  eden space 337920K, 0% used [0x000000076ab00000,0x000000076ab00000,0x000000077f500000)
  from space 6144K, 0% used [0x0000000781e80000,0x0000000781e80000,0x0000000782480000)
  to   space 17920K, 0% used [0x0000000780180000,0x0000000780180000,0x0000000781300000)
 ParOldGen       total 218112K, used 22634K [0x00000006c0000000, 0x00000006cd500000, 0x000000076ab00000)
  object space 218112K, 10% used [0x00000006c0000000,0x00000006c161abc0,0x00000006cd500000)
 Metaspace       used 66361K, capacity 69846K, committed 70016K, reserved 1110016K
  class space    used 8938K, capacity 9546K, committed 9600K, reserved 1048576K
}

